
========================[ Apr 14, 2018  6:19 PM ]========================
Version 2.2.26 [Sep-21-2011]
Started database file "lncRNA_Disease.fa"
ERROR: [065.106] lncRNA_Disease.fa.nhrOutput
Blast-def-line-set.E.<title>
Invalid value(s) [9] in VisibleString [ENSMUST00000131502#2700086A05Rik ...]
ERROR: [065.106] lncRNA_Disease.fa.nhrOutput
Blast-def-line-set.E.<title>
Invalid value(s) [9] in VisibleString [NR_028310#4930503E24Rik ...]
ERROR: [065.106] lncRNA_Disease.fa.nhrOutput
Blast-def-line-set.E.<title>
Invalid value(s) [9] in VisibleString [NR_026961#AATBC ...]
ERROR: [065.106] lncRNA_Disease.fa.nhrOutput
Blast-def-line-set.E.<title>
Invalid value(s) [9] in VisibleString [NR_026690#ABHD11-AS1 ...]
ERROR: [065.106] lncRNA_Disease.fa.nhrOutput
Blast-def-line-set.E.<title>
Invalid value(s) [9] in VisibleString [ENST00000419668#AC002454.1 ...]
ERROR: [065.106] lncRNA_Disease.fa.nhrOutput
Blast-def-line-set.E.<title>
Invalid value(s) [9] in VisibleString [ENST00000600405#AC002511.1 ...]
ERROR: [065.106] lncRNA_Disease.fa.nhrOutput
Blast-def-line-set.E.<title>
Invalid value(s) [9] in VisibleString [ENST00000427579#AC007403.1 ...]
ERROR: [065.106] lncRNA_Disease.fa.nhrOutput
Blast-def-line-set.E.<title>
Invalid value(s) [9] in VisibleString [ENST00000422178#AC016745.3 ...]
ERROR: [065.106] lncRNA_Disease.fa.nhrOutput
Blast-def-line-set.E.<title>
Invalid value(s) [9] in VisibleString [ENST00000424493#AC024560.2 ...]
ERROR: [065.106] lncRNA_Disease.fa.nhrOutput
Blast-def-line-set.E.<title>
Invalid value(s) [9] in VisibleString [ENST00000433573#AC026166.2 ...]
ERROR: [065.106] lncRNA_Disease.fa.nhrOutput
Blast-def-line-set.E.<title>
Invalid value(s) [9] in VisibleString [ENST00000415357#AC068718.1 ...]
ERROR: [065.106] lncRNA_Disease.fa.nhrOutput
Blast-def-line-set.E.<title>
Invalid value(s) [9] in VisibleString [ENST00000442387#AC130710 ...]
ERROR: [065.106] lncRNA_Disease.fa.nhrOutput
Blast-def-line-set.E.<title>
Invalid value(s) [9] in VisibleString [ENST00000517491#AC145110.1 ...]
ERROR: [065.106] lncRNA_Disease.fa.nhrOutput
Blast-def-line-set.E.<title>
Invalid value(s) [9] in VisibleString [NR_125373#ACTA2-AS1 ...]
ERROR: [065.106] lncRNA_Disease.fa.nhrOutput
Blast-def-line-set.E.<title>
Invalid value(s) [9] in VisibleString [NR_038264#ADAMTS9-AS2 ...]
ERROR: [065.106] lncRNA_Disease.fa.nhrOutput
Blast-def-line-set.E.<title>
Invalid value(s) [9] in VisibleString [NR_033387#ADARB2-AS1 ...]
ERROR: [065.106] lncRNA_Disease.fa.nhrOutput
Blast-def-line-set.E.<title>
Invalid value(s) [9] in VisibleString [NR_026892#AFAP1-AS1 ...]
ERROR: [065.106] lncRNA_Disease.fa.nhrOutput
Blast-def-line-set.E.<title>
Invalid value(s) [9] in VisibleString [NR_027032#AGAP2-AS1 ...]
ERROR: [065.106] lncRNA_Disease.fa.nhrOutput
Blast-def-line-set.E.<title>
Invalid value(s) [9] in VisibleString [NR_027773#Airn ...]
ERROR: [065.106] lncRNA_Disease.fa.nhrOutput
Blast-def-line-set.E.<title>
Invalid value(s) [9] in VisibleString [ENST00000566825#AOC4P ...]
ERROR: [065.106] lncRNA_Disease.fa.nhrOutput
Blast-def-line-set.E.<title>
Invalid value(s) [9] in VisibleString [ENST00000422473#AP000688.29 ...]
ERROR: [065.106] lncRNA_Disease.fa.nhrOutput
Blast-def-line-set.E.<title>
Invalid value(s) [9] in VisibleString [NR_038361#APTR ...]
ERROR: [065.106] lncRNA_Disease.fa.nhrOutput
Blast-def-line-set.E.<title>
Invalid value(s) [9] in VisibleString [NR_002765#ASAP1-IT1 ...]
ERROR: [065.106] lncRNA_Disease.fa.nhrOutput
Blast-def-line-set.E.<title>
Invalid value(s) [9] in VisibleString [NR_037853#ATP6V1G2-DDX39B ...]
ERROR: [065.106] lncRNA_Disease.fa.nhrOutput
Blast-def-line-set.E.<title>
Invalid value(s) [9] in VisibleString [NR_002717#ATXN8OS ...]
ERROR: [065.106] lncRNA_Disease.fa.nhrOutput
Blast-def-line-set.E.<title>
Invalid value(s) [9] in VisibleString [NR_037803#BACE1-AS ...]
ERROR: [065.106] lncRNA_Disease.fa.nhrOutput
Blast-def-line-set.E.<title>
Invalid value(s) [9] in VisibleString [NR_047671#BANCR ...]
ERROR: [065.106] lncRNA_Disease.fa.nhrOutput
Blast-def-line-set.E.<title>
Invalid value(s) [9] in VisibleString [NR_024050#BCAR4 ...]
ERROR: [065.106] lncRNA_Disease.fa.nhrOutput
Blast-def-line-set.E.<title>
Invalid value(s) [9] in VisibleString [NR_001568#BCYRN1 ...]
ERROR: [065.106] lncRNA_Disease.fa.nhrOutput
Blast-def-line-set.E.<title>
Invalid value(s) [9] in VisibleString [NR_033314#BDNF-AS ...]
ERROR: [065.106] lncRNA_Disease.fa.nhrOutput
Blast-def-line-set.E.<title>
Invalid value(s) [9] in VisibleString [NR_121648#BGLT3 ...]
ERROR: [065.106] lncRNA_Disease.fa.nhrOutput
Blast-def-line-set.E.<title>
Invalid value(s) [9] in VisibleString [NR_103783#BLACAT1 ...]
ERROR: [065.106] lncRNA_Disease.fa.nhrOutput
Blast-def-line-set.E.<title>
Invalid value(s) [9] in VisibleString [NR_033346#BOK-AS1 ...]
ERROR: [065.106] lncRNA_Disease.fa.nhrOutput
Blast-def-line-set.E.<title>
Invalid value(s) [9] in VisibleString [NR_026783#BPESC1 ...]
ERROR: [065.106] lncRNA_Disease.fa.nhrOutput
Blast-def-line-set.E.<title>
Invalid value(s) [9] in VisibleString [NR_045420#Bvht ...]
ERROR: [065.106] lncRNA_Disease.fa.nhrOutput
Blast-def-line-set.E.<title>
Invalid value(s) [9] in VisibleString [NR_037593#CAHM ...]
ERROR: [065.106] lncRNA_Disease.fa.nhrOutput
Blast-def-line-set.E.<title>
Invalid value(s) [9] in VisibleString [NR_117101#CASC11 ...]
ERROR: [065.106] lncRNA_Disease.fa.nhrOutput
Blast-def-line-set.E.<title>
Invalid value(s) [9] in VisibleString [NR_015410#CASC15 ...]
ERROR: [065.106] lncRNA_Disease.fa.nhrOutput
Blast-def-line-set.E.<title>
Invalid value(s) [9] in VisibleString [NR_026939#CASC2 ...]
ERROR: [065.106] lncRNA_Disease.fa.nhrOutput
Blast-def-line-set.E.<title>
Invalid value(s) [9] in VisibleString [NR_135281#CASC22 ...]
ERROR: [065.106] lncRNA_Disease.fa.nhrOutput
Blast-def-line-set.E.<title>
Invalid value(s) [9] in VisibleString [NR_103848#CASC9 ...]
ERROR: [065.106] lncRNA_Disease.fa.nhrOutput
Blast-def-line-set.E.<title>
Invalid value(s) [9] in VisibleString [NR_038894#CBR3-AS1 ...]
ERROR: [065.106] lncRNA_Disease.fa.nhrOutput
Blast-def-line-set.E.<title>
Invalid value(s) [9] in VisibleString [NR_108049#CCAT1 ...]
ERROR: [065.106] lncRNA_Disease.fa.nhrOutput
Blast-def-line-set.E.<title>
Invalid value(s) [9] in VisibleString [NR_109834#CCAT2 ...]
ERROR: [065.106] lncRNA_Disease.fa.nhrOutput
Blast-def-line-set.E.<title>
Invalid value(s) [9] in VisibleString [NR_130917#CCDC26 ...]
ERROR: [065.106] lncRNA_Disease.fa.nhrOutput
Blast-def-line-set.E.<title>
Invalid value(s) [9] in VisibleString [NR_131782#CCEPR ...]
ERROR: [065.106] lncRNA_Disease.fa.nhrOutput
Blast-def-line-set.E.<title>
Invalid value(s) [9] in VisibleString [NR_047538#CDKN2B-AS1 ...]
ERROR: [065.106] lncRNA_Disease.fa.nhrOutput
Blast-def-line-set.E.<title>
Invalid value(s) [9] in VisibleString [ENST00000413902#CEACAMP8 ...]
ERROR: [065.106] lncRNA_Disease.fa.nhrOutput
Blast-def-line-set.E.<title>
Invalid value(s) [9] in VisibleString [NR_038398#CECR3 ...]
ERROR: [065.106] lncRNA_Disease.fa.nhrOutput
Blast-def-line-set.E.<title>
Invalid value(s) [9] in VisibleString [NR_015352#CECR7 ...]
ERROR: [065.106] lncRNA_Disease.fa.nhrOutput
Blast-def-line-set.E.<title>
Invalid value(s) [9] in VisibleString [NR_134505#CERNA2 ...]
ERROR: [065.106] lncRNA_Disease.fa.nhrOutput
Blast-def-line-set.E.<title>
Invalid value(s) [9] in VisibleString [NR_144486#CHL1-AS2 ...]
ERROR: [065.106] lncRNA_Disease.fa.nhrOutput
Blast-def-line-set.E.<title>
Invalid value(s) [9] in VisibleString [NR_002763#CPS1-IT1 ...]
ERROR: [065.106] lncRNA_Disease.fa.nhrOutput
Blast-def-line-set.E.<title>
Invalid value(s) [9] in VisibleString [ENST00000613942#CRNDE ...]
ERROR: [065.106] lncRNA_Disease.fa.nhrOutput
Blast-def-line-set.E.<title>
Invalid value(s) [9] in VisibleString [ENST00000499521#CTB-89H12.4 ...]
ERROR: [065.106] lncRNA_Disease.fa.nhrOutput
Blast-def-line-set.E.<title>
Invalid value(s) [9] in VisibleString [NR_104331#CTBP1-AS ...]
ERROR: [065.106] lncRNA_Disease.fa.nhrOutput
Blast-def-line-set.E.<title>
Invalid value(s) [9] in VisibleString [ENST00000601776#CTC-523E23.5 ...]
ERROR: [065.106] lncRNA_Disease.fa.nhrOutput
Blast-def-line-set.E.<title>
Invalid value(s) [9] in VisibleString [ENST00000567795#CTD-2574D22.4 ...]
ERROR: [065.106] lncRNA_Disease.fa.nhrOutput
Blast-def-line-set.E.<title>
Invalid value(s) [9] in VisibleString [ENST00000600765#CTD-2616J11.14 ...]
ERROR: [065.106] lncRNA_Disease.fa.nhrOutput
Blast-def-line-set.E.<title>
Invalid value(s) [9] in VisibleString [ENST00000502804#CXCL1P1 ...]
ERROR: [065.106] lncRNA_Disease.fa.nhrOutput
Blast-def-line-set.E.<title>
Invalid value(s) [9] in VisibleString [NR_024204#CYTOR ...]
ERROR: [065.106] lncRNA_Disease.fa.nhrOutput
Blast-def-line-set.E.<title>
Invalid value(s) [9] in VisibleString [NR_024031#DANCR ...]
ERROR: [065.106] lncRNA_Disease.fa.nhrOutput
Blast-def-line-set.E.<title>
Invalid value(s) [9] in VisibleString [NR_040247#DAOA-AS1 ...]
ERROR: [065.106] lncRNA_Disease.fa.nhrOutput
Blast-def-line-set.E.<title>
Invalid value(s) [9] in VisibleString [NR_121644#DBET ...]
ERROR: [065.106] lncRNA_Disease.fa.nhrOutput
Blast-def-line-set.E.<title>
Invalid value(s) [9] in VisibleString [NR_102735#DBH-AS1 ...]
ERROR: [065.106] lncRNA_Disease.fa.nhrOutput
Blast-def-line-set.E.<title>
Invalid value(s) [9] in VisibleString [NR_110533#DGCR5 ...]
ERROR: [065.106] lncRNA_Disease.fa.nhrOutput
Blast-def-line-set.E.<title>
Invalid value(s) [9] in VisibleString [NR_026597#DIRC3 ...]
ERROR: [065.106] lncRNA_Disease.fa.nhrOutput
Blast-def-line-set.E.<title>
Invalid value(s) [9] in VisibleString [NR_002227#DISC2 ...]
ERROR: [065.106] lncRNA_Disease.fa.nhrOutput
Blast-def-line-set.E.<title>
Invalid value(s) [9] in VisibleString [NR_109973#DLEU1 ...]
ERROR: [065.106] lncRNA_Disease.fa.nhrOutput
Blast-def-line-set.E.<title>
Invalid value(s) [9] in VisibleString [NR_015448#DLX6-AS1 ...]
ERROR: [065.106] lncRNA_Disease.fa.nhrOutput
Blast-def-line-set.E.<title>
Invalid value(s) [9] in VisibleString [NR_038397#DNM3OS ...]
ERROR: [065.106] lncRNA_Disease.fa.nhrOutput
Blast-def-line-set.E.<title>
Invalid value(s) [9] in VisibleString [NR_036580#DPP10-AS1 ...]
ERROR: [065.106] lncRNA_Disease.fa.nhrOutput
Blast-def-line-set.E.<title>
Invalid value(s) [9] in VisibleString [NR_026979#DRAIC ...]
ERROR: [065.106] lncRNA_Disease.fa.nhrOutput
Blast-def-line-set.E.<title>
Invalid value(s) [9] in VisibleString [NR_105051#Dreh ...]
ERROR: [065.106] lncRNA_Disease.fa.nhrOutput
Blast-def-line-set.E.<title>
Invalid value(s) [9] in VisibleString [NR_038900#DSCAM-AS1 ...]
ERROR: [065.106] lncRNA_Disease.fa.nhrOutput
Blast-def-line-set.E.<title>
Invalid value(s) [9] in VisibleString [ENST00000447898#DUXAP8 ...]
ERROR: [065.106] lncRNA_Disease.fa.nhrOutput
Blast-def-line-set.E.<title>
Invalid value(s) [9] in VisibleString [NR_047551#EGFR-AS1 ...]
ERROR: [065.106] lncRNA_Disease.fa.nhrOutput
Blast-def-line-set.E.<title>
Invalid value(s) [9] in VisibleString [NR_004428#EGOT ...]
ERROR: [065.106] lncRNA_Disease.fa.nhrOutput
Blast-def-line-set.E.<title>
Invalid value(s) [9] in VisibleString [ENST00000360083#ENSG00000196096 ...]
ERROR: [065.106] lncRNA_Disease.fa.nhrOutput
Blast-def-line-set.E.<title>
Invalid value(s) [9] in VisibleString [ENST00000366152#ENSG00000203325 ...]
ERROR: [065.106] lncRNA_Disease.fa.nhrOutput
Blast-def-line-set.E.<title>
Invalid value(s) [9] in VisibleString [ENST00000589754#ENSG00000206129 ...]
ERROR: [065.106] lncRNA_Disease.fa.nhrOutput
Blast-def-line-set.E.<title>
Invalid value(s) [9] in VisibleString [ENST00000443800#ENSG00000231185 ...]
ERROR: [065.106] lncRNA_Disease.fa.nhrOutput
Blast-def-line-set.E.<title>
Invalid value(s) [9] in VisibleString [ENST00000447423#ENSG00000233251 ...]
ERROR: [065.106] lncRNA_Disease.fa.nhrOutput
Blast-def-line-set.E.<title>
Invalid value(s) [9] in VisibleString [ENST00000503299#ENSG00000248176 ...]
ERROR: [065.106] lncRNA_Disease.fa.nhrOutput
Blast-def-line-set.E.<title>
Invalid value(s) [9] in VisibleString [ENST00000509947#ENSG00000249364 ...]
ERROR: [065.106] lncRNA_Disease.fa.nhrOutput
Blast-def-line-set.E.<title>
Invalid value(s) [9] in VisibleString [ENST00000508993#ENSG00000249772 ...]
ERROR: [065.106] lncRNA_Disease.fa.nhrOutput
Blast-def-line-set.E.<title>
Invalid value(s) [9] in VisibleString [ENST00000507038#ENSG00000250195 ...]
ERROR: [065.106] lncRNA_Disease.fa.nhrOutput
Blast-def-line-set.E.<title>
Invalid value(s) [9] in VisibleString [ENST00000441345#ENSG00000250608 ...]
ERROR: [065.106] lncRNA_Disease.fa.nhrOutput
Blast-def-line-set.E.<title>
Invalid value(s) [9] in VisibleString [ENST00000464428#ENSG00000254154 ...]
ERROR: [065.106] lncRNA_Disease.fa.nhrOutput
Blast-def-line-set.E.<title>
Invalid value(s) [9] in VisibleString [ENST00000533672#ENSG00000255471 ...]
ERROR: [065.106] lncRNA_Disease.fa.nhrOutput
Blast-def-line-set.E.<title>
Invalid value(s) [9] in VisibleString [ENST00000543308#ENSG00000256218 ...]
ERROR: [065.106] lncRNA_Disease.fa.nhrOutput
Blast-def-line-set.E.<title>
Invalid value(s) [9] in VisibleString [ENST00000570278#ENSG00000261777 ...]
ERROR: [065.106] lncRNA_Disease.fa.nhrOutput
Blast-def-line-set.E.<title>
Invalid value(s) [9] in VisibleString [ENST00000581621#ENSG00000264772 ...]
ERROR: [065.106] lncRNA_Disease.fa.nhrOutput
Blast-def-line-set.E.<title>
Invalid value(s) [9] in VisibleString [ENST00000425785#ENST00000425785 ...]
ERROR: [065.106] lncRNA_Disease.fa.nhrOutput
Blast-def-line-set.E.<title>
Invalid value(s) [9] in VisibleString [ENST00000432431#ENST00000432431 ...]
ERROR: [065.106] lncRNA_Disease.fa.nhrOutput
Blast-def-line-set.E.<title>
Invalid value(s) [9] in VisibleString [ENST00000433673#ENST00000433673 ...]
ERROR: [065.106] lncRNA_Disease.fa.nhrOutput
Blast-def-line-set.E.<title>
Invalid value(s) [9] in VisibleString [ENST00000436681#ENST00000436681 ...]
ERROR: [065.106] lncRNA_Disease.fa.nhrOutput
Blast-def-line-set.E.<title>
Invalid value(s) [9] in VisibleString [ENST00000438347#ENST00000438347 ...]
ERROR: [065.106] lncRNA_Disease.fa.nhrOutput
Blast-def-line-set.E.<title>
Invalid value(s) [9] in VisibleString [ENST00000438550#ENST00000438550 ...]
ERROR: [065.106] lncRNA_Disease.fa.nhrOutput
Blast-def-line-set.E.<title>
Invalid value(s) [9] in VisibleString [ENST00000454271#ENST00000454271 ...]
ERROR: [065.106] lncRNA_Disease.fa.nhrOutput
Blast-def-line-set.E.<title>
Invalid value(s) [9] in VisibleString [ENST00000480739#ENST00000480739 ...]
ERROR: [065.106] lncRNA_Disease.fa.nhrOutput
Blast-def-line-set.E.<title>
Invalid value(s) [9] in VisibleString [NR_015370#EPB41L4A-AS1 ...]
ERROR: [065.106] lncRNA_Disease.fa.nhrOutput
Blast-def-line-set.E.<title>
Invalid value(s) [9] in VisibleString [NR_027706#EPB41L4A-AS2 ...]
ERROR: [065.106] lncRNA_Disease.fa.nhrOutput
Blast-def-line-set.E.<title>
Invalid value(s) [9] in VisibleString [NR_027122#ESRG ...]
ERROR: [065.106] lncRNA_Disease.fa.nhrOutput
Blast-def-line-set.E.<title>
Invalid value(s) [9] in VisibleString [NR_026949#EWSAT1 ...]
ERROR: [065.106] lncRNA_Disease.fa.nhrOutput
Blast-def-line-set.E.<title>
Invalid value(s) [9] in VisibleString [NR_051960#FALEC ...]
ERROR: [065.106] lncRNA_Disease.fa.nhrOutput
Blast-def-line-set.E.<title>
Invalid value(s) [9] in VisibleString [NR_038952#FAM212B-AS1 ...]
ERROR: [065.106] lncRNA_Disease.fa.nhrOutput
Blast-def-line-set.E.<title>
Invalid value(s) [9] in VisibleString [NR_026770#FAM215A ...]
ERROR: [065.106] lncRNA_Disease.fa.nhrOutput
Blast-def-line-set.E.<title>
Invalid value(s) [9] in VisibleString [NR_026800#FAM30A ...]
ERROR: [065.106] lncRNA_Disease.fa.nhrOutput
Blast-def-line-set.E.<title>
Invalid value(s) [9] in VisibleString [NR_134853#FAM3D-AS1 ...]
ERROR: [065.106] lncRNA_Disease.fa.nhrOutput
Blast-def-line-set.E.<title>
Invalid value(s) [9] in VisibleString [NR_027423#FAM66B ...]
ERROR: [065.106] lncRNA_Disease.fa.nhrOutput
Blast-def-line-set.E.<title>
Invalid value(s) [9] in VisibleString [NR_028371#FAS-AS1 ...]
ERROR: [065.106] lncRNA_Disease.fa.nhrOutput
Blast-def-line-set.E.<title>
Invalid value(s) [9] in VisibleString [NR_033925#FENDRR ...]
ERROR: [065.106] lncRNA_Disease.fa.nhrOutput
Blast-def-line-set.E.<title>
Invalid value(s) [9] in VisibleString [NR_045471#Fendrr ...]
ERROR: [065.106] lncRNA_Disease.fa.nhrOutput
Blast-def-line-set.E.<title>
Invalid value(s) [9] in VisibleString [ENST00000615531#FER1L4 ...]
ERROR: [065.106] lncRNA_Disease.fa.nhrOutput
Blast-def-line-set.E.<title>
Invalid value(s) [9] in VisibleString [NR_036484#FEZF1-AS1 ...]
ERROR: [065.106] lncRNA_Disease.fa.nhrOutput
Blast-def-line-set.E.<title>
Invalid value(s) [9] in VisibleString [NR_108034#FGF10-AS1 ...]
ERROR: [065.106] lncRNA_Disease.fa.nhrOutput
Blast-def-line-set.E.<title>
Invalid value(s) [9] in VisibleString [NR_036487#FGF14-AS2 ...]
ERROR: [065.106] lncRNA_Disease.fa.nhrOutput
Blast-def-line-set.E.<title>
Invalid value(s) [9] in VisibleString [NR_024499#FMR1-AS1 ...]
ERROR: [065.106] lncRNA_Disease.fa.nhrOutput
Blast-def-line-set.E.<title>
Invalid value(s) [9] in VisibleString [NR_125795#FOXC2-AS1 ...]
ERROR: [065.106] lncRNA_Disease.fa.nhrOutput
Blast-def-line-set.E.<title>
Invalid value(s) [9] in VisibleString [NR_125804#FOXCUT ...]
ERROR: [065.106] lncRNA_Disease.fa.nhrOutput
Blast-def-line-set.E.<title>
Invalid value(s) [9] in VisibleString [NR_126416#FOXP4-AS1 ...]
ERROR: [065.106] lncRNA_Disease.fa.nhrOutput
Blast-def-line-set.E.<title>
Invalid value(s) [9] in VisibleString [ENST00000394290#FTH1P3 ...]
ERROR: [065.106] lncRNA_Disease.fa.nhrOutput
Blast-def-line-set.E.<title>
Invalid value(s) [9] in VisibleString [NR_028379#FTX ...]
ERROR: [065.106] lncRNA_Disease.fa.nhrOutput
Blast-def-line-set.E.<title>
Invalid value(s) [9] in VisibleString [NR_126559#GACAT3 ...]
ERROR: [065.106] lncRNA_Disease.fa.nhrOutput
Blast-def-line-set.E.<title>
Invalid value(s) [9] in VisibleString [NR_110428#GAPLINC ...]
ERROR: [065.106] lncRNA_Disease.fa.nhrOutput
Blast-def-line-set.E.<title>
Invalid value(s) [9] in VisibleString [NR_037605#GAS5-AS1 ...]
ERROR: [065.106] lncRNA_Disease.fa.nhrOutput
Blast-def-line-set.E.<title>
Invalid value(s) [9] in VisibleString [NR_002578#GAS5 ...]
ERROR: [065.106] lncRNA_Disease.fa.nhrOutput
Blast-def-line-set.E.<title>
Invalid value(s) [9] in VisibleString [NR_002840#Gas5 ...]
ERROR: [065.106] lncRNA_Disease.fa.nhrOutput
Blast-def-line-set.E.<title>
Invalid value(s) [9] in VisibleString [NR_044995#GAS6-AS1 ...]
ERROR: [065.106] lncRNA_Disease.fa.nhrOutput
Blast-def-line-set.E.<title>
Invalid value(s) [9] in VisibleString [NR_122031#GAS8-AS1 ...]
ERROR: [065.106] lncRNA_Disease.fa.nhrOutput
Blast-def-line-set.E.<title>
Invalid value(s) [9] in VisibleString [NR_102763#GATA6-AS1 ...]
ERROR: [065.106] lncRNA_Disease.fa.nhrOutput
Blast-def-line-set.E.<title>
Invalid value(s) [9] in VisibleString [NR_103441#GDNF-AS1 ...]
ERROR: [065.106] lncRNA_Disease.fa.nhrOutput
Blast-def-line-set.E.<title>
Invalid value(s) [9] in VisibleString [NR_130107#GHET1 ...]
ERROR: [065.106] lncRNA_Disease.fa.nhrOutput
Blast-def-line-set.E.<title>
Invalid value(s) [9] in VisibleString [NR_126579#Gm10371 ...]
ERROR: [065.106] lncRNA_Disease.fa.nhrOutput
Blast-def-line-set.E.<title>
Invalid value(s) [9] in VisibleString [ENSMUST00000119563#Gm12839 ...]
ERROR: [065.106] lncRNA_Disease.fa.nhrOutput
Blast-def-line-set.E.<title>
Invalid value(s) [9] in VisibleString [ENSMUST00000119855#Gm12919 ...]
ERROR: [065.106] lncRNA_Disease.fa.nhrOutput
Blast-def-line-set.E.<title>
Invalid value(s) [9] in VisibleString [ENSMUST00000125354#Gm14005 ...]
ERROR: [065.106] lncRNA_Disease.fa.nhrOutput
Blast-def-line-set.E.<title>
Invalid value(s) [9] in VisibleString [ENSMUST00000127230#Gm14155 ...]
ERROR: [065.106] lncRNA_Disease.fa.nhrOutput
Blast-def-line-set.E.<title>
Invalid value(s) [9] in VisibleString [ENSMUST00000117393#Gm15054 ...]
ERROR: [065.106] lncRNA_Disease.fa.nhrOutput
Blast-def-line-set.E.<title>
Invalid value(s) [9] in VisibleString [ENSMUST00000144350#Gm15577 ...]
ERROR: [065.106] lncRNA_Disease.fa.nhrOutput
Blast-def-line-set.E.<title>
Invalid value(s) [9] in VisibleString [ENSMUST00000186507#Gm6644 ...]
ERROR: [065.106] lncRNA_Disease.fa.nhrOutput
Blast-def-line-set.E.<title>
Invalid value(s) [9] in VisibleString [ENSMUST00000120925#Gm7327 ...]
ERROR: [065.106] lncRNA_Disease.fa.nhrOutput
Blast-def-line-set.E.<title>
Invalid value(s) [9] in VisibleString [NR_002785#GNAS-AS1 ...]
ERROR: [065.106] lncRNA_Disease.fa.nhrOutput
Blast-def-line-set.E.<title>
Invalid value(s) [9] in VisibleString [NR_033839#GSEC ...]
ERROR: [065.106] lncRNA_Disease.fa.nhrOutput
Blast-def-line-set.E.<title>
Invalid value(s) [9] in VisibleString [ENST00000449689#GTF2IRD2P1 ...]
ERROR: [065.106] lncRNA_Disease.fa.nhrOutput
Blast-def-line-set.E.<title>
Invalid value(s) [9] in VisibleString [NR_131223#H19 ...]
ERROR: [065.106] lncRNA_Disease.fa.nhrOutput
Blast-def-line-set.E.<title>
Invalid value(s) [9] in VisibleString [NR_110460#HAGLR ...]
ERROR: [065.106] lncRNA_Disease.fa.nhrOutput
Blast-def-line-set.E.<title>
Invalid value(s) [9] in VisibleString [NR_110457#HAGLROS ...]
ERROR: [065.106] lncRNA_Disease.fa.nhrOutput
Blast-def-line-set.E.<title>
Invalid value(s) [9] in VisibleString [NR_003244#HAR1A ...]
ERROR: [065.106] lncRNA_Disease.fa.nhrOutput
Blast-def-line-set.E.<title>
Invalid value(s) [9] in VisibleString [NR_003245#HAR1B ...]
ERROR: [065.106] lncRNA_Disease.fa.nhrOutput
Blast-def-line-set.E.<title>
Invalid value(s) [9] in VisibleString [NR_026790#HCG11 ...]
ERROR: [065.106] lncRNA_Disease.fa.nhrOutput
Blast-def-line-set.E.<title>
Invalid value(s) [9] in VisibleString [NR_040662#HCP5 ...]
ERROR: [065.106] lncRNA_Disease.fa.nhrOutput
Blast-def-line-set.E.<title>
Invalid value(s) [9] in VisibleString [NR_045680#HEIH ...]
ERROR: [065.106] lncRNA_Disease.fa.nhrOutput
Blast-def-line-set.E.<title>
Invalid value(s) [9] in VisibleString [NR_047116#HIF1A-AS1 ...]
ERROR: [065.106] lncRNA_Disease.fa.nhrOutput
Blast-def-line-set.E.<title>
Invalid value(s) [9] in VisibleString [NR_045406#HIF1A-AS2 ...]
ERROR: [065.106] lncRNA_Disease.fa.nhrOutput
Blast-def-line-set.E.<title>
Invalid value(s) [9] in VisibleString [NR_024345#HNF1A-AS1 ...]
ERROR: [065.106] lncRNA_Disease.fa.nhrOutput
Blast-def-line-set.E.<title>
Invalid value(s) [9] in VisibleString [NR_003716#HOTAIR ...]
ERROR: [065.106] lncRNA_Disease.fa.nhrOutput
Blast-def-line-set.E.<title>
Invalid value(s) [9] in VisibleString [NR_047528#Hotair ...]
ERROR: [065.106] lncRNA_Disease.fa.nhrOutput
Blast-def-line-set.E.<title>
Invalid value(s) [9] in VisibleString [NR_038367#HOTAIRM1 ...]
ERROR: [065.106] lncRNA_Disease.fa.nhrOutput
Blast-def-line-set.E.<title>
Invalid value(s) [9] in VisibleString [NR_037843#HOTTIP ...]
ERROR: [065.106] lncRNA_Disease.fa.nhrOutput
Blast-def-line-set.E.<title>
Invalid value(s) [9] in VisibleString [NR_122069#HOXA-AS2 ...]
ERROR: [065.106] lncRNA_Disease.fa.nhrOutput
Blast-def-line-set.E.<title>
Invalid value(s) [9] in VisibleString [NR_038832#HOXA-AS3 ...]
ERROR: [065.106] lncRNA_Disease.fa.nhrOutput
Blast-def-line-set.E.<title>
Invalid value(s) [9] in VisibleString [NR_002795#HOXA11-AS ...]
ERROR: [065.106] lncRNA_Disease.fa.nhrOutput
Blast-def-line-set.E.<title>
Invalid value(s) [9] in VisibleString [NR_033205#HOXB-AS3 ...]
ERROR: [065.106] lncRNA_Disease.fa.nhrOutput
Blast-def-line-set.E.<title>
Invalid value(s) [9] in VisibleString [NR_047504#HOXC-AS1 ...]
ERROR: [065.106] lncRNA_Disease.fa.nhrOutput
Blast-def-line-set.E.<title>
Invalid value(s) [9] in VisibleString [NR_045414#HTT-AS ...]
ERROR: [065.106] lncRNA_Disease.fa.nhrOutput
Blast-def-line-set.E.<title>
Invalid value(s) [9] in VisibleString [NR_004855#HULC ...]
ERROR: [065.106] lncRNA_Disease.fa.nhrOutput
Blast-def-line-set.E.<title>
Invalid value(s) [9] in VisibleString [NR_002768#HYMAI ...]
ERROR: [065.106] lncRNA_Disease.fa.nhrOutput
Blast-def-line-set.E.<title>
Invalid value(s) [9] in VisibleString [NR_104124#IFNG-AS1 ...]
ERROR: [065.106] lncRNA_Disease.fa.nhrOutput
Blast-def-line-set.E.<title>
Invalid value(s) [9] in VisibleString [NR_133657#IGF2-AS ...]
ERROR: [065.106] lncRNA_Disease.fa.nhrOutput
Blast-def-line-set.E.<title>
Invalid value(s) [9] in VisibleString [NR_023915#IPW ...]
ERROR: [065.106] lncRNA_Disease.fa.nhrOutput
Blast-def-line-set.E.<title>
Invalid value(s) [9] in VisibleString [NR_126453#IRAIN ...]
ERROR: [065.106] lncRNA_Disease.fa.nhrOutput
Blast-def-line-set.E.<title>
Invalid value(s) [9] in VisibleString [NR_024582#JPX ...]
ERROR: [065.106] lncRNA_Disease.fa.nhrOutput
Blast-def-line-set.E.<title>
Invalid value(s) [9] in VisibleString [NR_024627#KCNQ1DN ...]
ERROR: [065.106] lncRNA_Disease.fa.nhrOutput
Blast-def-line-set.E.<title>
Invalid value(s) [9] in VisibleString [NR_002728#KCNQ1OT1 ...]
ERROR: [065.106] lncRNA_Disease.fa.nhrOutput
Blast-def-line-set.E.<title>
Invalid value(s) [9] in VisibleString [NR_022006#KIAA0087 ...]
ERROR: [065.106] lncRNA_Disease.fa.nhrOutput
Blast-def-line-set.E.<title>
Invalid value(s) [9] in VisibleString [ENST00000578578#KRT18P55 ...]
ERROR: [065.106] lncRNA_Disease.fa.nhrOutput
Blast-def-line-set.E.<title>
Invalid value(s) [9] in VisibleString [NR_146274#KRT7-AS ...]
ERROR: [065.106] lncRNA_Disease.fa.nhrOutput
Blast-def-line-set.E.<title>
Invalid value(s) [9] in VisibleString [NR_130915#LCAL1 ...]
ERROR: [065.106] lncRNA_Disease.fa.nhrOutput
Blast-def-line-set.E.<title>
Invalid value(s) [9] in VisibleString [NR_029374#LEF1-AS1 ...]
ERROR: [065.106] lncRNA_Disease.fa.nhrOutput
Blast-def-line-set.E.<title>
Invalid value(s) [9] in VisibleString [NR_048536#LINC-ROR ...]
ERROR: [065.106] lncRNA_Disease.fa.nhrOutput
Blast-def-line-set.E.<title>
Invalid value(s) [9] in VisibleString [NR_026679#LINC00032 ...]
ERROR: [065.106] lncRNA_Disease.fa.nhrOutput
Blast-def-line-set.E.<title>
Invalid value(s) [9] in VisibleString [NR_026869#LINC00052 ...]
ERROR: [065.106] lncRNA_Disease.fa.nhrOutput
Blast-def-line-set.E.<title>
Invalid value(s) [9] in VisibleString [NR_024321#LINC00115 ...]
ERROR: [065.106] lncRNA_Disease.fa.nhrOutput
Blast-def-line-set.E.<title>
Invalid value(s) [9] in VisibleString [NR_024351#LINC00160 ...]
ERROR: [065.106] lncRNA_Disease.fa.nhrOutput
Blast-def-line-set.E.<title>
Invalid value(s) [9] in VisibleString [NR_026553#LINC00161 ...]
ERROR: [065.106] lncRNA_Disease.fa.nhrOutput
Blast-def-line-set.E.<title>
Invalid value(s) [9] in VisibleString [NR_147212#LINC00237 ...]
ERROR: [065.106] lncRNA_Disease.fa.nhrOutput
Blast-def-line-set.E.<title>
Invalid value(s) [9] in VisibleString [NR_001558#LINC00261 ...]
ERROR: [065.106] lncRNA_Disease.fa.nhrOutput
Blast-def-line-set.E.<title>
Invalid value(s) [9] in VisibleString [NR_026805#LINC00271 ...]
ERROR: [065.106] lncRNA_Disease.fa.nhrOutput
Blast-def-line-set.E.<title>
Invalid value(s) [9] in VisibleString [NR_034135#LINC00299 ...]
ERROR: [065.106] lncRNA_Disease.fa.nhrOutput
Blast-def-line-set.E.<title>
Invalid value(s) [9] in VisibleString [NR_024065#LINC00312 ...]
ERROR: [065.106] lncRNA_Disease.fa.nhrOutput
Blast-def-line-set.E.<title>
Invalid value(s) [9] in VisibleString [NR_026863#LINC00313 ...]
ERROR: [065.106] lncRNA_Disease.fa.nhrOutput
Blast-def-line-set.E.<title>
Invalid value(s) [9] in VisibleString [NR_024100#LINC00323 ...]
ERROR: [065.106] lncRNA_Disease.fa.nhrOutput
Blast-def-line-set.E.<title>
Invalid value(s) [9] in VisibleString [NR_027908#LINC00336 ...]
ERROR: [065.106] lncRNA_Disease.fa.nhrOutput
Blast-def-line-set.E.<title>
Invalid value(s) [9] in VisibleString [NR_109760#LINC00339 ...]
ERROR: [065.106] lncRNA_Disease.fa.nhrOutput
Blast-def-line-set.E.<title>
Invalid value(s) [9] in VisibleString [NR_103734#LINC00342 ...]
ERROR: [065.106] lncRNA_Disease.fa.nhrOutput
Blast-def-line-set.E.<title>
Invalid value(s) [9] in VisibleString [NR_027701#LINC00346 ...]
ERROR: [065.106] lncRNA_Disease.fa.nhrOutput
Blast-def-line-set.E.<title>
Invalid value(s) [9] in VisibleString [NR_024464#LINC00426 ...]
ERROR: [065.106] lncRNA_Disease.fa.nhrOutput
Blast-def-line-set.E.<title>
Invalid value(s) [9] in VisibleString [NR_034119#LINC00460 ...]
ERROR: [065.106] lncRNA_Disease.fa.nhrOutput
Blast-def-line-set.E.<title>
Invalid value(s) [9] in VisibleString [NR_026761#LINC00467 ...]
ERROR: [065.106] lncRNA_Disease.fa.nhrOutput
Blast-def-line-set.E.<title>
Invalid value(s) [9] in VisibleString [NR_121612#LINC00472 ...]
ERROR: [065.106] lncRNA_Disease.fa.nhrOutput
Blast-def-line-set.E.<title>
Invalid value(s) [9] in VisibleString [NR_026860#LINC00473 ...]
ERROR: [065.106] lncRNA_Disease.fa.nhrOutput
Blast-def-line-set.E.<title>
Invalid value(s) [9] in VisibleString [NR_033876#LINC00511 ...]
ERROR: [065.106] lncRNA_Disease.fa.nhrOutput
Blast-def-line-set.E.<title>
Invalid value(s) [9] in VisibleString [NR_026796#LINC00520 ...]
ERROR: [065.106] lncRNA_Disease.fa.nhrOutput
Blast-def-line-set.E.<title>
Invalid value(s) [9] in VisibleString [NR_046189#LINC00538 ...]
ERROR: [065.106] lncRNA_Disease.fa.nhrOutput
Blast-def-line-set.E.<title>
Invalid value(s) [9] in VisibleString [NR_034037#LINC00582 ...]
ERROR: [065.106] lncRNA_Disease.fa.nhrOutput
Blast-def-line-set.E.<title>
Invalid value(s) [9] in VisibleString [NR_073453#LINC00601 ...]
ERROR: [065.106] lncRNA_Disease.fa.nhrOutput
Blast-def-line-set.E.<title>
Invalid value(s) [9] in VisibleString [NR_027022#LINC00628 ...]
ERROR: [065.106] lncRNA_Disease.fa.nhrOutput
Blast-def-line-set.E.<title>
Invalid value(s) [9] in VisibleString [NR_038998#LINC00629 ...]
ERROR: [065.106] lncRNA_Disease.fa.nhrOutput
Blast-def-line-set.E.<title>
Invalid value(s) [9] in VisibleString [NR_015414#LINC00635 ...]
ERROR: [065.106] lncRNA_Disease.fa.nhrOutput
Blast-def-line-set.E.<title>
Invalid value(s) [9] in VisibleString [NR_015394#LINC00636 ...]
ERROR: [065.106] lncRNA_Disease.fa.nhrOutput
Blast-def-line-set.E.<title>
Invalid value(s) [9] in VisibleString [NR_015389#LINC00667 ...]
ERROR: [065.106] lncRNA_Disease.fa.nhrOutput
Blast-def-line-set.E.<title>
Invalid value(s) [9] in VisibleString [NR_034100#LINC00668 ...]
ERROR: [065.106] lncRNA_Disease.fa.nhrOutput
Blast-def-line-set.E.<title>
Invalid value(s) [9] in VisibleString [NR_036488#LINC00673 ...]
ERROR: [065.106] lncRNA_Disease.fa.nhrOutput
Blast-def-line-set.E.<title>
Invalid value(s) [9] in VisibleString [NR_036581#LINC00675 ...]
ERROR: [065.106] lncRNA_Disease.fa.nhrOutput
Blast-def-line-set.E.<title>
Invalid value(s) [9] in VisibleString [NR_109813#LINC00850 ...]
ERROR: [065.106] lncRNA_Disease.fa.nhrOutput
Blast-def-line-set.E.<title>
Invalid value(s) [9] in VisibleString [NR_024480#LINC00887 ...]
ERROR: [065.106] lncRNA_Disease.fa.nhrOutput
Blast-def-line-set.E.<title>
Invalid value(s) [9] in VisibleString [NR_024406#LINC00917 ...]
ERROR: [065.106] lncRNA_Disease.fa.nhrOutput
Blast-def-line-set.E.<title>
Invalid value(s) [9] in VisibleString [NR_038852#LINC00929 ...]
ERROR: [065.106] lncRNA_Disease.fa.nhrOutput
Blast-def-line-set.E.<title>
Invalid value(s) [9] in VisibleString [NR_038955#LINC00963 ...]
ERROR: [065.106] lncRNA_Disease.fa.nhrOutput
Blast-def-line-set.E.<title>
Invalid value(s) [9] in VisibleString [NR_038442#LINC00974 ...]
ERROR: [065.106] lncRNA_Disease.fa.nhrOutput
Blast-def-line-set.E.<title>
Invalid value(s) [9] in VisibleString [NR_015440#LINC00982 ...]
ERROR: [065.106] lncRNA_Disease.fa.nhrOutput
Blast-def-line-set.E.<title>
Invalid value(s) [9] in VisibleString [NR_104061#LINC00993 ...]
ERROR: [065.106] lncRNA_Disease.fa.nhrOutput
Blast-def-line-set.E.<title>
Invalid value(s) [9] in VisibleString [NR_038989#LINC01016 ...]
ERROR: [065.106] lncRNA_Disease.fa.nhrOutput
Blast-def-line-set.E.<title>
Invalid value(s) [9] in VisibleString [NR_024423#LINC01018 ...]
ERROR: [065.106] lncRNA_Disease.fa.nhrOutput
Blast-def-line-set.E.<title>
Invalid value(s) [9] in VisibleString [NR_026994#LINC01020 ...]
ERROR: [065.106] lncRNA_Disease.fa.nhrOutput
Blast-def-line-set.E.<title>
Invalid value(s) [9] in VisibleString [NR_104138#LINC01080 ...]
ERROR: [065.106] lncRNA_Disease.fa.nhrOutput
Blast-def-line-set.E.<title>
Invalid value(s) [9] in VisibleString [NR_002809#LINC01089 ...]
ERROR: [065.106] lncRNA_Disease.fa.nhrOutput
Blast-def-line-set.E.<title>
Invalid value(s) [9] in VisibleString [NR_038849#LINC01133 ...]
ERROR: [065.106] lncRNA_Disease.fa.nhrOutput
Blast-def-line-set.E.<title>
Invalid value(s) [9] in VisibleString [NR_027468#LINC01138 ...]
ERROR: [065.106] lncRNA_Disease.fa.nhrOutput
Blast-def-line-set.E.<title>
Invalid value(s) [9] in VisibleString [NR_015407#LINC01139 ...]
ERROR: [065.106] lncRNA_Disease.fa.nhrOutput
Blast-def-line-set.E.<title>
Invalid value(s) [9] in VisibleString [NR_037883#LINC01158 ...]
ERROR: [065.106] lncRNA_Disease.fa.nhrOutput
Blast-def-line-set.E.<title>
Invalid value(s) [9] in VisibleString [NR_120426#LINC01198 ...]
ERROR: [065.106] lncRNA_Disease.fa.nhrOutput
Blast-def-line-set.E.<title>
Invalid value(s) [9] in VisibleString [NR_104645#LINC01204 ...]
ERROR: [065.106] lncRNA_Disease.fa.nhrOutput
Blast-def-line-set.E.<title>
Invalid value(s) [9] in VisibleString [NR_038834#LINC01207 ...]
ERROR: [065.106] lncRNA_Disease.fa.nhrOutput
Blast-def-line-set.E.<title>
Invalid value(s) [9] in VisibleString [NR_110664#LINC01233 ...]
ERROR: [065.106] lncRNA_Disease.fa.nhrOutput
Blast-def-line-set.E.<title>
Invalid value(s) [9] in VisibleString [NR_110026#LINC01234 ...]
ERROR: [065.106] lncRNA_Disease.fa.nhrOutput
Blast-def-line-set.E.<title>
Invalid value(s) [9] in VisibleString [NR_121679#LINC01262 ...]
ERROR: [065.106] lncRNA_Disease.fa.nhrOutput
Blast-def-line-set.E.<title>
Invalid value(s) [9] in VisibleString [NR_122112#LINC01296 ...]
ERROR: [065.106] lncRNA_Disease.fa.nhrOutput
Blast-def-line-set.E.<title>
Invalid value(s) [9] in VisibleString [NR_120596#LINC01315 ...]
ERROR: [065.106] lncRNA_Disease.fa.nhrOutput
Blast-def-line-set.E.<title>
Invalid value(s) [9] in VisibleString [NR_109936#LINC01370 ...]
ERROR: [065.106] lncRNA_Disease.fa.nhrOutput
Blast-def-line-set.E.<title>
Invalid value(s) [9] in VisibleString [NR_036513#LINC01405 ...]
ERROR: [065.106] lncRNA_Disease.fa.nhrOutput
Blast-def-line-set.E.<title>
Invalid value(s) [9] in VisibleString [NR_122034#LINC01419 ...]
ERROR: [065.106] lncRNA_Disease.fa.nhrOutput
Blast-def-line-set.E.<title>
Invalid value(s) [9] in VisibleString [NR_121213#LINC01507 ...]
ERROR: [065.106] lncRNA_Disease.fa.nhrOutput
Blast-def-line-set.E.<title>
Invalid value(s) [9] in VisibleString [NR_033983#LINC01538 ...]
ERROR: [065.106] lncRNA_Disease.fa.nhrOutput
Blast-def-line-set.E.<title>
Invalid value(s) [9] in VisibleString [NR_132652#LINC01616 ...]
ERROR: [065.106] lncRNA_Disease.fa.nhrOutput
Blast-def-line-set.E.<title>
Invalid value(s) [9] in VisibleString [NR_147034#LINC01617 ...]
ERROR: [065.106] lncRNA_Disease.fa.nhrOutput
Blast-def-line-set.E.<title>
Invalid value(s) [9] in VisibleString [NR_040102#LINC01721 ...]
ERROR: [065.106] lncRNA_Disease.fa.nhrOutput
Blast-def-line-set.E.<title>
Invalid value(s) [9] in VisibleString [NR_125973#LINC01762 ...]
ERROR: [065.106] lncRNA_Disease.fa.nhrOutput
Blast-def-line-set.E.<title>
Invalid value(s) [9] in VisibleString [NR_110156#LINC01798 ...]
ERROR: [065.106] lncRNA_Disease.fa.nhrOutput
Blast-def-line-set.E.<title>
Invalid value(s) [9] in VisibleString [NR_110564#LINC01828 ...]
ERROR: [065.106] lncRNA_Disease.fa.nhrOutput
Blast-def-line-set.E.<title>
Invalid value(s) [9] in VisibleString [NR_147201#LINC01852 ...]
ERROR: [065.106] lncRNA_Disease.fa.nhrOutput
Blast-def-line-set.E.<title>
Invalid value(s) [9] in VisibleString [NR_120458#LINC02384 ...]
ERROR: [065.106] lncRNA_Disease.fa.nhrOutput
Blast-def-line-set.E.<title>
Invalid value(s) [9] in VisibleString [NR_131248#LINCMD1 ...]
ERROR: [065.106] lncRNA_Disease.fa.nhrOutput
Blast-def-line-set.E.<title>
Invalid value(s) [9] in VisibleString [NR_138480#LINP1 ...]
ERROR: [065.106] lncRNA_Disease.fa.nhrOutput
Blast-def-line-set.E.<title>
Invalid value(s) [9] in VisibleString [NR_049793#LOC100130476 ...]
ERROR: [065.106] lncRNA_Disease.fa.nhrOutput
Blast-def-line-set.E.<title>
Invalid value(s) [9] in VisibleString [NR_033852#LOC283177 ...]
ERROR: [065.106] lncRNA_Disease.fa.nhrOutput
Blast-def-line-set.E.<title>
Invalid value(s) [9] in VisibleString [NR_033928#LOC389641 ...]
ERROR: [065.106] lncRNA_Disease.fa.nhrOutput
Blast-def-line-set.E.<title>
Invalid value(s) [9] in VisibleString [NR_036575#LOC729966 ...]
ERROR: [065.106] lncRNA_Disease.fa.nhrOutput
Blast-def-line-set.E.<title>
Invalid value(s) [9] in VisibleString [NR_040066#LOXL1-AS1 ...]
ERROR: [065.106] lncRNA_Disease.fa.nhrOutput
Blast-def-line-set.E.<title>
Invalid value(s) [9] in VisibleString [NR_045028#LRRC75A-AS1 ...]
ERROR: [065.106] lncRNA_Disease.fa.nhrOutput
Blast-def-line-set.E.<title>
Invalid value(s) [9] in VisibleString [NR_145480#LSINCT5 ...]
ERROR: [065.106] lncRNA_Disease.fa.nhrOutput
Blast-def-line-set.E.<title>
Invalid value(s) [9] in VisibleString [NR_132442#LUADT1 ...]
ERROR: [065.106] lncRNA_Disease.fa.nhrOutput
Blast-def-line-set.E.<title>
Invalid value(s) [9] in VisibleString [NR_103548#LUCAT1 ...]
ERROR: [065.106] lncRNA_Disease.fa.nhrOutput
Blast-def-line-set.E.<title>
Invalid value(s) [9] in VisibleString [NR_126487#LUNAR1 ...]
ERROR: [065.106] lncRNA_Disease.fa.nhrOutput
Blast-def-line-set.E.<title>
Invalid value(s) [9] in VisibleString [NR_145422#MAGI1-IT1 ...]
ERROR: [065.106] lncRNA_Disease.fa.nhrOutput
Blast-def-line-set.E.<title>
Invalid value(s) [9] in VisibleString [NR_002819#MALAT1 ...]
ERROR: [065.106] lncRNA_Disease.fa.nhrOutput
Blast-def-line-set.E.<title>
Invalid value(s) [9] in VisibleString [NR_002847#Malat1 ...]
ERROR: [065.106] lncRNA_Disease.fa.nhrOutput
Blast-def-line-set.E.<title>
Invalid value(s) [9] in VisibleString [ENST00000634016#MAP3K14 ...]
ERROR: [065.106] lncRNA_Disease.fa.nhrOutput
Blast-def-line-set.E.<title>
Invalid value(s) [9] in VisibleString [NR_033882#MAP3K20-AS1 ...]
ERROR: [065.106] lncRNA_Disease.fa.nhrOutput
Blast-def-line-set.E.<title>
Invalid value(s) [9] in VisibleString [NR_015404#MAPKAPK5-AS1 ...]
ERROR: [065.106] lncRNA_Disease.fa.nhrOutput
Blast-def-line-set.E.<title>
Invalid value(s) [9] in VisibleString [NR_024559#MAPT-AS1 ...]
ERROR: [065.106] lncRNA_Disease.fa.nhrOutput
Blast-def-line-set.E.<title>
Invalid value(s) [9] in VisibleString [NR_038384#MCHR2-AS1 ...]
ERROR: [065.106] lncRNA_Disease.fa.nhrOutput
Blast-def-line-set.E.<title>
Invalid value(s) [9] in VisibleString [NR_133647#MDC1-AS1 ...]
ERROR: [065.106] lncRNA_Disease.fa.nhrOutput
Blast-def-line-set.E.<title>
Invalid value(s) [9] in VisibleString [NR_046472#MEG3 ...]
ERROR: [065.106] lncRNA_Disease.fa.nhrOutput
Blast-def-line-set.E.<title>
Invalid value(s) [9] in VisibleString [NR_146000#MEG8 ...]
ERROR: [065.106] lncRNA_Disease.fa.nhrOutput
Blast-def-line-set.E.<title>
Invalid value(s) [9] in VisibleString [NR_004382#MESTIT1 ...]
ERROR: [065.106] lncRNA_Disease.fa.nhrOutput
Blast-def-line-set.E.<title>
Invalid value(s) [9] in VisibleString [NR_126469#MGAT3-AS1 ...]
ERROR: [065.106] lncRNA_Disease.fa.nhrOutput
Blast-def-line-set.E.<title>
Invalid value(s) [9] in VisibleString [NR_126491#MHRT ...]
ERROR: [065.106] lncRNA_Disease.fa.nhrOutput
Blast-def-line-set.E.<title>
Invalid value(s) [9] in VisibleString [NR_033320#MIAT ...]
ERROR: [065.106] lncRNA_Disease.fa.nhrOutput
Blast-def-line-set.E.<title>
Invalid value(s) [9] in VisibleString [NR_038911#MIF-AS1 ...]
ERROR: [065.106] lncRNA_Disease.fa.nhrOutput
Blast-def-line-set.E.<title>
Invalid value(s) [9] in VisibleString [NR_120682#MINCR ...]
ERROR: [065.106] lncRNA_Disease.fa.nhrOutput
Blast-def-line-set.E.<title>
Invalid value(s) [9] in VisibleString [NR_137175#MIR100HG ...]
ERROR: [065.106] lncRNA_Disease.fa.nhrOutput
Blast-def-line-set.E.<title>
Invalid value(s) [9] in VisibleString [NR_029674#MIR132 ...]
ERROR: [065.106] lncRNA_Disease.fa.nhrOutput
Blast-def-line-set.E.<title>
Invalid value(s) [9] in VisibleString [NR_001458#MIR155HG ...]
ERROR: [065.106] lncRNA_Disease.fa.nhrOutput
Blast-def-line-set.E.<title>
Invalid value(s) [9] in VisibleString [NR_027349#MIR17HG ...]
ERROR: [065.106] lncRNA_Disease.fa.nhrOutput
Blast-def-line-set.E.<title>
Invalid value(s) [9] in VisibleString [NR_033830#MIR2052HG ...]
ERROR: [065.106] lncRNA_Disease.fa.nhrOutput
Blast-def-line-set.E.<title>
Invalid value(s) [9] in VisibleString [NR_028502#MIR22HG ...]
ERROR: [065.106] lncRNA_Disease.fa.nhrOutput
Blast-def-line-set.E.<title>
Invalid value(s) [9] in VisibleString [NR_027054#MIR31HG ...]
ERROR: [065.106] lncRNA_Disease.fa.nhrOutput
Blast-def-line-set.E.<title>
Invalid value(s) [9] in VisibleString [NR_024373#MIR4435-2HG ...]
ERROR: [065.106] lncRNA_Disease.fa.nhrOutput
Blast-def-line-set.E.<title>
Invalid value(s) [9] in VisibleString [NR_024607#MIR503HG ...]
ERROR: [065.106] lncRNA_Disease.fa.nhrOutput
Blast-def-line-set.E.<title>
Invalid value(s) [9] in VisibleString [NR_027148#MIR7-3HG ...]
ERROR: [065.106] lncRNA_Disease.fa.nhrOutput
Blast-def-line-set.E.<title>
Invalid value(s) [9] in VisibleString [NR_136550#MIR99AHG ...]
ERROR: [065.106] lncRNA_Disease.fa.nhrOutput
Blast-def-line-set.E.<title>
Invalid value(s) [9] in VisibleString [ENST00000463480#MT1DP ...]
ERROR: [065.106] lncRNA_Disease.fa.nhrOutput
Blast-def-line-set.E.<title>
Invalid value(s) [9] in VisibleString [NR_125783#MYCNUT ...]
ERROR: [065.106] lncRNA_Disease.fa.nhrOutput
Blast-def-line-set.E.<title>
Invalid value(s) [9] in VisibleString [NR_121577#NALT1 ...]
ERROR: [065.106] lncRNA_Disease.fa.nhrOutput
Blast-def-line-set.E.<title>
Invalid value(s) [9] in VisibleString [NR_102270#NAMA ...]
ERROR: [065.106] lncRNA_Disease.fa.nhrOutput
Blast-def-line-set.E.<title>
Invalid value(s) [9] in VisibleString [NR_034143#NBAT1 ...]
ERROR: [065.106] lncRNA_Disease.fa.nhrOutput
Blast-def-line-set.E.<title>
Invalid value(s) [9] in VisibleString [NR_003108#NBR2 ...]
ERROR: [065.106] lncRNA_Disease.fa.nhrOutput
Blast-def-line-set.E.<title>
Invalid value(s) [9] in VisibleString [NR_028375#NCRUPAR ...]
ERROR: [065.106] lncRNA_Disease.fa.nhrOutput
Blast-def-line-set.E.<title>
Invalid value(s) [9] in VisibleString [NR_131012#NEAT1 ...]
ERROR: [065.106] lncRNA_Disease.fa.nhrOutput
Blast-def-line-set.E.<title>
Invalid value(s) [9] in VisibleString [ENST00000620525#NEAT1_2 ...]
ERROR: [065.106] lncRNA_Disease.fa.nhrOutput
Blast-def-line-set.E.<title>
Invalid value(s) [9] in VisibleString [NR_103535#NEXN-AS1 ...]
ERROR: [065.106] lncRNA_Disease.fa.nhrOutput
Blast-def-line-set.E.<title>
Invalid value(s) [9] in VisibleString [NR_131157#NKILA ...]
ERROR: [065.106] lncRNA_Disease.fa.nhrOutput
Blast-def-line-set.E.<title>
Invalid value(s) [9] in VisibleString [NR_027451#NORAD ...]
ERROR: [065.106] lncRNA_Disease.fa.nhrOutput
Blast-def-line-set.E.<title>
Invalid value(s) [9] in VisibleString [NR_037806#NPPA-AS1 ...]
ERROR: [065.106] lncRNA_Disease.fa.nhrOutput
Blast-def-line-set.E.<title>
Invalid value(s) [9] in VisibleString [NR_103844#NPTN-IT1 ...]
ERROR: [065.106] lncRNA_Disease.fa.nhrOutput
Blast-def-line-set.E.<title>
Invalid value(s) [9] in VisibleString [ENST00000507684#NR_001284 ...]
ERROR: [065.106] lncRNA_Disease.fa.nhrOutput
Blast-def-line-set.E.<title>
Invalid value(s) [9] in VisibleString [ENST00000435128#NR_003573 ...]
ERROR: [065.106] lncRNA_Disease.fa.nhrOutput
Blast-def-line-set.E.<title>
Invalid value(s) [9] in VisibleString [NR_126359#NRIR ...]
ERROR: [065.106] lncRNA_Disease.fa.nhrOutput
Blast-def-line-set.E.<title>
Invalid value(s) [9] in VisibleString [NR_045006#NRON ...]
ERROR: [065.106] lncRNA_Disease.fa.nhrOutput
Blast-def-line-set.E.<title>
Invalid value(s) [9] in VisibleString [ENST00000448540#NUTF2P3 ...]
ERROR: [065.106] lncRNA_Disease.fa.nhrOutput
Blast-def-line-set.E.<title>
Invalid value(s) [9] in VisibleString [NR_125716#OVAAL ...]
ERROR: [065.106] lncRNA_Disease.fa.nhrOutput
Blast-def-line-set.E.<title>
Invalid value(s) [9] in VisibleString [NR_125801#PACERR ...]
ERROR: [065.106] lncRNA_Disease.fa.nhrOutput
Blast-def-line-set.E.<title>
Invalid value(s) [9] in VisibleString [NR_109836#PANDAR ...]
ERROR: [065.106] lncRNA_Disease.fa.nhrOutput
Blast-def-line-set.E.<title>
Invalid value(s) [9] in VisibleString [NR_117094#PAUPAR ...]
ERROR: [065.106] lncRNA_Disease.fa.nhrOutput
Blast-def-line-set.E.<title>
Invalid value(s) [9] in VisibleString [NR_015377#PAX8-AS1 ...]
ERROR: [065.106] lncRNA_Disease.fa.nhrOutput
Blast-def-line-set.E.<title>
Invalid value(s) [9] in VisibleString [NR_132312#PCA3 ...]
ERROR: [065.106] lncRNA_Disease.fa.nhrOutput
Blast-def-line-set.E.<title>
Invalid value(s) [9] in VisibleString [NR_045262#PCAT1 ...]
ERROR: [065.106] lncRNA_Disease.fa.nhrOutput
Blast-def-line-set.E.<title>
Invalid value(s) [9] in VisibleString [NR_109832#PCAT14 ...]
ERROR: [065.106] lncRNA_Disease.fa.nhrOutput
Blast-def-line-set.E.<title>
Invalid value(s) [9] in VisibleString [NR_024259#PCAT18 ...]
ERROR: [065.106] lncRNA_Disease.fa.nhrOutput
Blast-def-line-set.E.<title>
Invalid value(s) [9] in VisibleString [NR_119373#PCAT2 ...]
ERROR: [065.106] lncRNA_Disease.fa.nhrOutput
Blast-def-line-set.E.<title>
Invalid value(s) [9] in VisibleString [NR_126437#PCAT29 ...]
ERROR: [065.106] lncRNA_Disease.fa.nhrOutput
Blast-def-line-set.E.<title>
Invalid value(s) [9] in VisibleString [NR_110138#PCAT5 ...]
ERROR: [065.106] lncRNA_Disease.fa.nhrOutput
Blast-def-line-set.E.<title>
Invalid value(s) [9] in VisibleString [NR_046326#PCAT6 ...]
ERROR: [065.106] lncRNA_Disease.fa.nhrOutput
Blast-def-line-set.E.<title>
Invalid value(s) [9] in VisibleString [NR_109828#PCBP2-OT1 ...]
ERROR: [065.106] lncRNA_Disease.fa.nhrOutput
Blast-def-line-set.E.<title>
Invalid value(s) [9] in VisibleString [NR_002769#PCGEM1 ...]
ERROR: [065.106] lncRNA_Disease.fa.nhrOutput
Blast-def-line-set.E.<title>
Invalid value(s) [9] in VisibleString [NR_028370#PCNA-AS1 ...]
ERROR: [065.106] lncRNA_Disease.fa.nhrOutput
Blast-def-line-set.E.<title>
Invalid value(s) [9] in VisibleString [NR_046681#PDZRN3-AS1 ...]
ERROR: [065.106] lncRNA_Disease.fa.nhrOutput
Blast-def-line-set.E.<title>
Invalid value(s) [9] in VisibleString [NR_024089#PICSAR ...]
ERROR: [065.106] lncRNA_Disease.fa.nhrOutput
Blast-def-line-set.E.<title>
Invalid value(s) [9] in VisibleString [NR_003202#Pinc ...]
ERROR: [065.106] lncRNA_Disease.fa.nhrOutput
Blast-def-line-set.E.<title>
Invalid value(s) [9] in VisibleString [NR_046507#PINK1-AS ...]
ERROR: [065.106] lncRNA_Disease.fa.nhrOutput
Blast-def-line-set.E.<title>
Invalid value(s) [9] in VisibleString [NR_027070#PISRT1 ...]
ERROR: [065.106] lncRNA_Disease.fa.nhrOutput
Blast-def-line-set.E.<title>
Invalid value(s) [9] in VisibleString [NR_138047#POU6F2-AS2 ...]
ERROR: [065.106] lncRNA_Disease.fa.nhrOutput
Blast-def-line-set.E.<title>
Invalid value(s) [9] in VisibleString [NR_109833#PRNCR1 ...]
ERROR: [065.106] lncRNA_Disease.fa.nhrOutput
Blast-def-line-set.E.<title>
Invalid value(s) [9] in VisibleString [NR_027151#PRR26 ...]
ERROR: [065.106] lncRNA_Disease.fa.nhrOutput
Blast-def-line-set.E.<title>
Invalid value(s) [9] in VisibleString [NR_026816#PSORS1C3 ...]
ERROR: [065.106] lncRNA_Disease.fa.nhrOutput
Blast-def-line-set.E.<title>
Invalid value(s) [9] in VisibleString [NR_146773#PTCSC1 ...]
ERROR: [065.106] lncRNA_Disease.fa.nhrOutput
Blast-def-line-set.E.<title>
Invalid value(s) [9] in VisibleString [NR_147055#PTCSC2 ...]
ERROR: [065.106] lncRNA_Disease.fa.nhrOutput
Blast-def-line-set.E.<title>
Invalid value(s) [9] in VisibleString [NR_049735#PTCSC3 ...]
ERROR: [065.106] lncRNA_Disease.fa.nhrOutput
Blast-def-line-set.E.<title>
Invalid value(s) [9] in VisibleString [ENST00000532280#PTENP1 ...]
ERROR: [065.106] lncRNA_Disease.fa.nhrOutput
Blast-def-line-set.E.<title>
Invalid value(s) [9] in VisibleString [NR_121600#PTPRD-AS1 ...]
ERROR: [065.106] lncRNA_Disease.fa.nhrOutput
Blast-def-line-set.E.<title>
Invalid value(s) [9] in VisibleString [NR_038282#PTPRG-AS1 ...]
ERROR: [065.106] lncRNA_Disease.fa.nhrOutput
Blast-def-line-set.E.<title>
Invalid value(s) [9] in VisibleString [NR_003367#PVT1 ...]
ERROR: [065.106] lncRNA_Disease.fa.nhrOutput
Blast-def-line-set.E.<title>
Invalid value(s) [9] in VisibleString [NR_003368#Pvt1 ...]
ERROR: [065.106] lncRNA_Disease.fa.nhrOutput
Blast-def-line-set.E.<title>
Invalid value(s) [9] in VisibleString [NR_024462#RAMP2-AS1 ...]
ERROR: [065.106] lncRNA_Disease.fa.nhrOutput
Blast-def-line-set.E.<title>
Invalid value(s) [9] in VisibleString [NR_109831#RASSF1-AS1 ...]
ERROR: [065.106] lncRNA_Disease.fa.nhrOutput
Blast-def-line-set.E.<title>
Invalid value(s) [9] in VisibleString [ENST00000420346#RBMY2FP ...]
ERROR: [065.106] lncRNA_Disease.fa.nhrOutput
Blast-def-line-set.E.<title>
Invalid value(s) [9] in VisibleString [NR_033932#RGMB-AS1 ...]
ERROR: [065.106] lncRNA_Disease.fa.nhrOutput
Blast-def-line-set.E.<title>
Invalid value(s) [9] in VisibleString [NR_003051#RMRP ...]
ERROR: [065.106] lncRNA_Disease.fa.nhrOutput
Blast-def-line-set.E.<title>
Invalid value(s) [9] in VisibleString [NR_024037#RMST ...]
ERROR: [065.106] lncRNA_Disease.fa.nhrOutput
Blast-def-line-set.E.<title>
Invalid value(s) [9] in VisibleString [NR_001445#RN7SK ...]
ERROR: [065.106] lncRNA_Disease.fa.nhrOutput
Blast-def-line-set.E.<title>
Invalid value(s) [9] in VisibleString [NR_002715#RN7SL1 ...]
ERROR: [065.106] lncRNA_Disease.fa.nhrOutput
Blast-def-line-set.E.<title>
Invalid value(s) [9] in VisibleString [ENST00000453556#RP1-179N16.3 ...]
ERROR: [065.106] lncRNA_Disease.fa.nhrOutput
Blast-def-line-set.E.<title>
Invalid value(s) [9] in VisibleString [ENST00000566170#RP1-223E5.4 ...]
ERROR: [065.106] lncRNA_Disease.fa.nhrOutput
Blast-def-line-set.E.<title>
Invalid value(s) [9] in VisibleString [ENST00000434942#RP1-90G24.10 ...]
ERROR: [065.106] lncRNA_Disease.fa.nhrOutput
Blast-def-line-set.E.<title>
Invalid value(s) [9] in VisibleString [ENST00000518308#RP11-1149O23.2 ...]
ERROR: [065.106] lncRNA_Disease.fa.nhrOutput
Blast-def-line-set.E.<title>
Invalid value(s) [9] in VisibleString [ENST00000559509#RP11-128A17.1 ...]
ERROR: [065.106] lncRNA_Disease.fa.nhrOutput
Blast-def-line-set.E.<title>
Invalid value(s) [9] in VisibleString [ENST00000561875#RP11-140I24 ...]
ERROR: [065.106] lncRNA_Disease.fa.nhrOutput
Blast-def-line-set.E.<title>
Invalid value(s) [9] in VisibleString [ENST00000522471#RP11-150O12.3 ...]
ERROR: [065.106] lncRNA_Disease.fa.nhrOutput
Blast-def-line-set.E.<title>
Invalid value(s) [9] in VisibleString [ENST00000430592#RP11-160H22.5 ...]
ERROR: [065.106] lncRNA_Disease.fa.nhrOutput
Blast-def-line-set.E.<title>
Invalid value(s) [9] in VisibleString [ENST00000450804#RP11-169D4.1 ...]
ERROR: [065.106] lncRNA_Disease.fa.nhrOutput
Blast-def-line-set.E.<title>
Invalid value(s) [9] in VisibleString [ENST00000333854#RP11-181G12.2 ...]
ERROR: [065.106] lncRNA_Disease.fa.nhrOutput
Blast-def-line-set.E.<title>
Invalid value(s) [9] in VisibleString [ENST00000551280#RP11-248E9.5 ...]
ERROR: [065.106] lncRNA_Disease.fa.nhrOutput
Blast-def-line-set.E.<title>
Invalid value(s) [9] in VisibleString [ENST00000507997#RP11-254I22.1 ...]
ERROR: [065.106] lncRNA_Disease.fa.nhrOutput
Blast-def-line-set.E.<title>
Invalid value(s) [9] in VisibleString [ENST00000366181#RP11-296A18.3 ...]
ERROR: [065.106] lncRNA_Disease.fa.nhrOutput
Blast-def-line-set.E.<title>
Invalid value(s) [9] in VisibleString [ENST00000452962#RP11-307C12.11 ...]
ERROR: [065.106] lncRNA_Disease.fa.nhrOutput
Blast-def-line-set.E.<title>
Invalid value(s) [9] in VisibleString [ENST00000629718#RP11-325I22.2 ...]
ERROR: [065.106] lncRNA_Disease.fa.nhrOutput
Blast-def-line-set.E.<title>
Invalid value(s) [9] in VisibleString [ENST00000584433#RP11-344E13.3 ...]
ERROR: [065.106] lncRNA_Disease.fa.nhrOutput
Blast-def-line-set.E.<title>
Invalid value(s) [9] in VisibleString [ENST00000521257#RP11-359E19.2 ...]
ERROR: [065.106] lncRNA_Disease.fa.nhrOutput
Blast-def-line-set.E.<title>
Invalid value(s) [9] in VisibleString [ENST00000548512#RP11-38F22.1 ...]
ERROR: [065.106] lncRNA_Disease.fa.nhrOutput
Blast-def-line-set.E.<title>
Invalid value(s) [9] in VisibleString [ENST00000577661#RP11-395G23.3 ...]
ERROR: [065.106] lncRNA_Disease.fa.nhrOutput
Blast-def-line-set.E.<title>
Invalid value(s) [9] in VisibleString [ENST00000452923#RP11-397D12.4 ...]
ERROR: [065.106] lncRNA_Disease.fa.nhrOutput
Blast-def-line-set.E.<title>
Invalid value(s) [9] in VisibleString [ENST00000509947#RP11-434D9.1 ...]
ERROR: [065.106] lncRNA_Disease.fa.nhrOutput
Blast-def-line-set.E.<title>
Invalid value(s) [9] in VisibleString [ENST00000427303#RP11-445H22.4 ...]
ERROR: [065.106] lncRNA_Disease.fa.nhrOutput
Blast-def-line-set.E.<title>
Invalid value(s) [9] in VisibleString [ENST00000582246#RP11-456D7.1 ...]
ERROR: [065.106] lncRNA_Disease.fa.nhrOutput
Blast-def-line-set.E.<title>
Invalid value(s) [9] in VisibleString [ENST00000502457#RP11-473L15.2 ...]
ERROR: [065.106] lncRNA_Disease.fa.nhrOutput
Blast-def-line-set.E.<title>
Invalid value(s) [9] in VisibleString [ENST00000481334#RP11-501O2 ...]
ERROR: [065.106] lncRNA_Disease.fa.nhrOutput
Blast-def-line-set.E.<title>
Invalid value(s) [9] in VisibleString [ENST00000423023#RP11-523H24.3 ...]
ERROR: [065.106] lncRNA_Disease.fa.nhrOutput
Blast-def-line-set.E.<title>
Invalid value(s) [9] in VisibleString [ENST00000440726#RP11-567G11.1 ...]
ERROR: [065.106] lncRNA_Disease.fa.nhrOutput
Blast-def-line-set.E.<title>
Invalid value(s) [9] in VisibleString [ENST00000560391#RP11-57P19.1 ...]
ERROR: [065.106] lncRNA_Disease.fa.nhrOutput
Blast-def-line-set.E.<title>
Invalid value(s) [9] in VisibleString [ENST00000609260#RP11-702B10.1 ...]
ERROR: [065.106] lncRNA_Disease.fa.nhrOutput
Blast-def-line-set.E.<title>
Invalid value(s) [9] in VisibleString [ENST00000504509#RP11-789C1.1 ...]
ERROR: [065.106] lncRNA_Disease.fa.nhrOutput
Blast-def-line-set.E.<title>
Invalid value(s) [9] in VisibleString [ENST00000455699#RP11-80H5.7 ...]
ERROR: [065.106] lncRNA_Disease.fa.nhrOutput
Blast-def-line-set.E.<title>
Invalid value(s) [9] in VisibleString [ENST00000578664#RP11-838N2.4 ...]
ERROR: [065.106] lncRNA_Disease.fa.nhrOutput
Blast-def-line-set.E.<title>
Invalid value(s) [9] in VisibleString [ENST00000447343#RP4-583P15.10 ...]
ERROR: [065.106] lncRNA_Disease.fa.nhrOutput
Blast-def-line-set.E.<title>
Invalid value(s) [9] in VisibleString [ENST00000446360#RP4-620F22.3 ...]
ERROR: [065.106] lncRNA_Disease.fa.nhrOutput
Blast-def-line-set.E.<title>
Invalid value(s) [9] in VisibleString [ENST00000426169#RP4-639J15.1 ...]
ERROR: [065.106] lncRNA_Disease.fa.nhrOutput
Blast-def-line-set.E.<title>
Invalid value(s) [9] in VisibleString [ENST00000446433#RP4-799P18.3 ...]
ERROR: [065.106] lncRNA_Disease.fa.nhrOutput
Blast-def-line-set.E.<title>
Invalid value(s) [9] in VisibleString [ENST00000436499#RP5-1014O16.1 ...]
ERROR: [065.106] lncRNA_Disease.fa.nhrOutput
Blast-def-line-set.E.<title>
Invalid value(s) [9] in VisibleString [ENST00000630993#RP5-833A20.1 ...]
ERROR: [065.106] lncRNA_Disease.fa.nhrOutput
Blast-def-line-set.E.<title>
Invalid value(s) [9] in VisibleString [ENST00000437350#RP5-843L14.1 ...]
ERROR: [065.106] lncRNA_Disease.fa.nhrOutput
Blast-def-line-set.E.<title>
Invalid value(s) [9] in VisibleString [ENST00000496593#RPLP0P2 ...]
ERROR: [065.106] lncRNA_Disease.fa.nhrOutput
Blast-def-line-set.E.<title>
Invalid value(s) [9] in VisibleString [ENST00000619977#RSU1P2 ...]
ERROR: [065.106] lncRNA_Disease.fa.nhrOutput
Blast-def-line-set.E.<title>
Invalid value(s) [9] in VisibleString [NR_026812#RUNX1-IT1 ...]
ERROR: [065.106] lncRNA_Disease.fa.nhrOutput
Blast-def-line-set.E.<title>
Invalid value(s) [9] in VisibleString [NR_110000#SAMMSON ...]
ERROR: [065.106] lncRNA_Disease.fa.nhrOutput
Blast-def-line-set.E.<title>
Invalid value(s) [9] in VisibleString [NR_036485#SBF2-AS1 ...]
ERROR: [065.106] lncRNA_Disease.fa.nhrOutput
Blast-def-line-set.E.<title>
Invalid value(s) [9] in VisibleString [ENST00000629145#SCHLAP1 ...]
ERROR: [065.106] lncRNA_Disease.fa.nhrOutput
Blast-def-line-set.E.<title>
Invalid value(s) [9] in VisibleString [NR_132785#SGO1-AS1 ...]
ERROR: [065.106] lncRNA_Disease.fa.nhrOutput
Blast-def-line-set.E.<title>
Invalid value(s) [9] in VisibleString [NR_033374#SLC25A25-AS1 ...]
ERROR: [065.106] lncRNA_Disease.fa.nhrOutput
Blast-def-line-set.E.<title>
Invalid value(s) [9] in VisibleString [NR_028137#SLC26A4-AS1 ...]
ERROR: [065.106] lncRNA_Disease.fa.nhrOutput
Blast-def-line-set.E.<title>
Invalid value(s) [9] in VisibleString [NR_126371#SMAD1-AS1 ...]
ERROR: [065.106] lncRNA_Disease.fa.nhrOutput
Blast-def-line-set.E.<title>
Invalid value(s) [9] in VisibleString [NR_046843#SMIM2-IT1 ...]
ERROR: [065.106] lncRNA_Disease.fa.nhrOutput
Blast-def-line-set.E.<title>
Invalid value(s) [9] in VisibleString [NR_003098#SNHG1 ...]
ERROR: [065.106] lncRNA_Disease.fa.nhrOutput
Blast-def-line-set.E.<title>
Invalid value(s) [9] in VisibleString [NR_003239#SNHG11 ...]
ERROR: [065.106] lncRNA_Disease.fa.nhrOutput
Blast-def-line-set.E.<title>
Invalid value(s) [9] in VisibleString [NR_024127#SNHG12 ...]
ERROR: [065.106] lncRNA_Disease.fa.nhrOutput
Blast-def-line-set.E.<title>
Invalid value(s) [9] in VisibleString [NR_146177#SNHG14 ...]
ERROR: [065.106] lncRNA_Disease.fa.nhrOutput
Blast-def-line-set.E.<title>
Invalid value(s) [9] in VisibleString [NR_003697#SNHG15 ...]
ERROR: [065.106] lncRNA_Disease.fa.nhrOutput
Blast-def-line-set.E.<title>
Invalid value(s) [9] in VisibleString [NR_038111#SNHG16 ...]
ERROR: [065.106] lncRNA_Disease.fa.nhrOutput
Blast-def-line-set.E.<title>
Invalid value(s) [9] in VisibleString [NR_045196#SNHG18 ...]
ERROR: [065.106] lncRNA_Disease.fa.nhrOutput
Blast-def-line-set.E.<title>
Invalid value(s) [9] in VisibleString [NR_027058#SNHG20 ...]
ERROR: [065.106] lncRNA_Disease.fa.nhrOutput
Blast-def-line-set.E.<title>
Invalid value(s) [9] in VisibleString [NR_036473#SNHG3 ...]
ERROR: [065.106] lncRNA_Disease.fa.nhrOutput
Blast-def-line-set.E.<title>
Invalid value(s) [9] in VisibleString [NR_036536#SNHG4 ...]
ERROR: [065.106] lncRNA_Disease.fa.nhrOutput
Blast-def-line-set.E.<title>
Invalid value(s) [9] in VisibleString [NR_003038#SNHG5 ...]
ERROR: [065.106] lncRNA_Disease.fa.nhrOutput
Blast-def-line-set.E.<title>
Invalid value(s) [9] in VisibleString [NR_002599#SNHG6 ...]
ERROR: [065.106] lncRNA_Disease.fa.nhrOutput
Blast-def-line-set.E.<title>
Invalid value(s) [9] in VisibleString [NR_024542#SNHG7 ...]
ERROR: [065.106] lncRNA_Disease.fa.nhrOutput
Blast-def-line-set.E.<title>
Invalid value(s) [9] in VisibleString [NR_038263#SOCS2-AS1 ...]
ERROR: [065.106] lncRNA_Disease.fa.nhrOutput
Blast-def-line-set.E.<title>
Invalid value(s) [9] in VisibleString [NR_075089#SOX2-OT ...]
ERROR: [065.106] lncRNA_Disease.fa.nhrOutput
Blast-def-line-set.E.<title>
Invalid value(s) [9] in VisibleString [NR_131221#SPRY4-IT1 ...]
ERROR: [065.106] lncRNA_Disease.fa.nhrOutput
Blast-def-line-set.E.<title>
Invalid value(s) [9] in VisibleString [NR_034129#ST8SIA6-AS1 ...]
ERROR: [065.106] lncRNA_Disease.fa.nhrOutput
Blast-def-line-set.E.<title>
Invalid value(s) [9] in VisibleString [NR_034115#STXBP5-AS1 ...]
ERROR: [065.106] lncRNA_Disease.fa.nhrOutput
Blast-def-line-set.E.<title>
Invalid value(s) [9] in VisibleString [ENST00000439961#SUMO1P3 ...]
ERROR: [065.106] lncRNA_Disease.fa.nhrOutput
Blast-def-line-set.E.<title>
Invalid value(s) [9] in VisibleString [ENST00000578070#SUZ12P1 ...]
ERROR: [065.106] lncRNA_Disease.fa.nhrOutput
Blast-def-line-set.E.<title>
Invalid value(s) [9] in VisibleString [NR_109982#TARID ...]
ERROR: [065.106] lncRNA_Disease.fa.nhrOutput
Blast-def-line-set.E.<title>
Invalid value(s) [9] in VisibleString [NR_028288#TCL6 ...]
ERROR: [065.106] lncRNA_Disease.fa.nhrOutput
Blast-def-line-set.E.<title>
Invalid value(s) [9] in VisibleString [NR_024015#TDRG1 ...]
ERROR: [065.106] lncRNA_Disease.fa.nhrOutput
Blast-def-line-set.E.<title>
Invalid value(s) [9] in VisibleString [NR_001566#TERC ...]
ERROR: [065.106] lncRNA_Disease.fa.nhrOutput
Blast-def-line-set.E.<title>
Invalid value(s) [9] in VisibleString [NR_110375#THRIL ...]
ERROR: [065.106] lncRNA_Disease.fa.nhrOutput
Blast-def-line-set.E.<title>
Invalid value(s) [9] in VisibleString [NR_027064#TINCR ...]
ERROR: [065.106] lncRNA_Disease.fa.nhrOutput
Blast-def-line-set.E.<title>
Invalid value(s) [9] in VisibleString [NR_033709#TP73-AS1 ...]
ERROR: [065.106] lncRNA_Disease.fa.nhrOutput
Blast-def-line-set.E.<title>
Invalid value(s) [9] in VisibleString [NR_024458#TPT1-AS1 ...]
ERROR: [065.106] lncRNA_Disease.fa.nhrOutput
Blast-def-line-set.E.<title>
Invalid value(s) [9] in VisibleString [NR_034110#TRAF3IP2-AS1 ...]
ERROR: [065.106] lncRNA_Disease.fa.nhrOutput
Blast-def-line-set.E.<title>
Invalid value(s) [9] in VisibleString [NR_102762#TRIM52-AS1 ...]
ERROR: [065.106] lncRNA_Disease.fa.nhrOutput
Blast-def-line-set.E.<title>
Invalid value(s) [9] in VisibleString [NR_036469#Trp53cor1 ...]
ERROR: [065.106] lncRNA_Disease.fa.nhrOutput
Blast-def-line-set.E.<title>
Invalid value(s) [9] in VisibleString [NR_109964#TRPM2-AS ...]
ERROR: [065.106] lncRNA_Disease.fa.nhrOutput
Blast-def-line-set.E.<title>
Invalid value(s) [9] in VisibleString [NR_003255#TSIX ...]
ERROR: [065.106] lncRNA_Disease.fa.nhrOutput
Blast-def-line-set.E.<title>
Invalid value(s) [9] in VisibleString [NR_001534#TTTY7 ...]
ERROR: [065.106] lncRNA_Disease.fa.nhrOutput
Blast-def-line-set.E.<title>
Invalid value(s) [9] in VisibleString [NR_002323#TUG1 ...]
ERROR: [065.106] lncRNA_Disease.fa.nhrOutput
Blast-def-line-set.E.<title>
Invalid value(s) [9] in VisibleString [NR_002321#Tug1 ...]
ERROR: [065.106] lncRNA_Disease.fa.nhrOutput
Blast-def-line-set.E.<title>
Invalid value(s) [9] in VisibleString [NR_038861#TUNAR ...]
ERROR: [065.106] lncRNA_Disease.fa.nhrOutput
Blast-def-line-set.E.<title>
Invalid value(s) [9] in VisibleString [NR_015391#TUSC7 ...]
ERROR: [065.106] lncRNA_Disease.fa.nhrOutput
Blast-def-line-set.E.<title>
Invalid value(s) [9] in VisibleString [NR_104174#TUSC8 ...]
ERROR: [065.106] lncRNA_Disease.fa.nhrOutput
Blast-def-line-set.E.<title>
Invalid value(s) [9] in VisibleString [NR_033483#U90926 ...]
ERROR: [065.106] lncRNA_Disease.fa.nhrOutput
Blast-def-line-set.E.<title>
Invalid value(s) [9] in VisibleString [NR_015379#UCA1 ...]
ERROR: [065.106] lncRNA_Disease.fa.nhrOutput
Blast-def-line-set.E.<title>
Invalid value(s) [9] in VisibleString [NR_102709#UCHL1-AS1 ...]
ERROR: [065.106] lncRNA_Disease.fa.nhrOutput
Blast-def-line-set.E.<title>
Invalid value(s) [9] in VisibleString [NR_110474#Uph ...]
ERROR: [065.106] lncRNA_Disease.fa.nhrOutput
Blast-def-line-set.E.<title>
Invalid value(s) [9] in VisibleString [NR_030583#VTRNA2-1 ...]
ERROR: [065.106] lncRNA_Disease.fa.nhrOutput
Blast-def-line-set.E.<title>
Invalid value(s) [9] in VisibleString [NR_120546#WT1-AS ...]
ERROR: [065.106] lncRNA_Disease.fa.nhrOutput
Blast-def-line-set.E.<title>
Invalid value(s) [9] in VisibleString [NR_015462#Wt1os ...]
ERROR: [065.106] lncRNA_Disease.fa.nhrOutput
Blast-def-line-set.E.<title>
Invalid value(s) [9] in VisibleString [NR_001564#XIST ...]
ERROR: [065.106] lncRNA_Disease.fa.nhrOutput
Blast-def-line-set.E.<title>
Invalid value(s) [9] in VisibleString [NR_001570#Xist ...]
ERROR: [065.106] lncRNA_Disease.fa.nhrOutput
Blast-def-line-set.E.<title>
Invalid value(s) [9] in VisibleString [NR_040248#ZEB2-AS1 ...]
ERROR: [065.106] lncRNA_Disease.fa.nhrOutput
Blast-def-line-set.E.<title>
Invalid value(s) [9] in VisibleString [NR_036658#ZFAS1 ...]
ERROR: [065.106] lncRNA_Disease.fa.nhrOutput
Blast-def-line-set.E.<title>
Invalid value(s) [9] in VisibleString [NR_002438#ZFAT-AS1 ...]
ERROR: [065.106] lncRNA_Disease.fa.nhrOutput
Blast-def-line-set.E.<title>
Invalid value(s) [9] in VisibleString [NR_036631#Zim3 ...]
ERROR: [065.106] lncRNA_Disease.fa.nhrOutput
Blast-def-line-set.E.<title>
Invalid value(s) [9] in VisibleString [ENST00000356555#ZNF300P1 ...]
ERROR: [065.106] lncRNA_Disease.fa.nhrOutput
Blast-def-line-set.E.<title>
Invalid value(s) [9] in VisibleString [NR_037161#ZNF582-AS1 ...]
ERROR: [065.106] lncRNA_Disease.fa.nhrOutput
Blast-def-line-set.E.<title>
Invalid value(s) [9] in VisibleString [NR_015378#ZNF674-AS1 ...]
Formatted 459 sequences in volume 0
SUCCESS: formatted database lncRNA_Disease.fa

========================[ Apr 14, 2018  6:21 PM ]========================
Version 2.2.26 [Sep-21-2011]
Started database file "lncRNA_Disease.fa"
Formatted 459 sequences in volume 0
SUCCESS: formatted database lncRNA_Disease.fa
