|--v1.0	第一版全转录组流程（基调）
开发者:wenyh@biomarker.com.cn
说明:
1.lncRNA预测软件改版
2.差异分析部分更新软件，mRNA增加GSEA分析
3.增加联合分析报告
......
......
	|--v1.0.1	修订版1
	修订者:niepy@biomarker.com.cn
	说明:
	1.优化:circRNA预测find_circ拆分
	2.优化:结题报告滚动条，结果路径(2018.07.28)
	3.BUG:GSEA分析"Inf"的bug
	4.BUG:edgeR离散度分物种(人和其他物种)(2018.08.01)
	5.优化:GSEA做前五个最富集的节点循环考虑少于5个节点的情况/circRNA预测结果目录/DEG-enrich目录/Combine-BMK_1_Global目录(2018.08.01)
	6.去掉miRNA数据评估表格中的客户样品名称(2018.08.02)
	|--v1.0.2	修订版2
	修订者:niepy@biomarker.com.cn
	说明:
	1.过滤表达量为0的已知lncRNA(2018.07.28)
	2.BUG:edgeR离散度分物种(人和其他物种)(2018.08.01)
	3.优化:GSEA做前五个最富集的节点循环考虑少于5个节点的情况/circRNA预测结果目录/DEG-enrich目录/Combine-BMK_1_Global目录(2018.08.01)
	4.去掉miRNA数据评估表格中的客户样品名称(2018.08.02)
	5.在分析目录下生成Web_Report/Needed_Data目录以及备份目录Backup(2018.08.06)
	6.修改环状预测RE参数为默认值0.1,原来是0.01
	7.增加插入片段图和各样品miRNA统计表

	|--v1.0.3	修订版3
	1.增加拆分流程主脚本:whole_transcriptome.pl
	2.优化结题报告的细节
	3.优化结果目录中的DEG_Analysis部分
	4.部分增加Name的表格有问题，已经解决
	5.结果中拆分Readme文件,Readme文件为PDF格式
	6.结果中增加总表，并压缩到结果文件夹中
	7.修改差异分析bug，非生物学重复使用EBSeq分析dispersion问题,Com类型使用EBseq失灵问题
	8.配置文件模板优化
	9.保守性分析读取gff文件bug修复
	10.靶基因预测bug修复，targetscan丢掉novel小RNA的靶关系
	11.edgeR改为getopt形式
	12.ceRNA分析P值校正方法

	|--v1.0.4	修订版4
	1.修改sRNA预测bug（动物用植物程序预测）
	2.进行gene表达量根据gff过滤
	3.ceRNA部分优化ceRNA结果文件大小，改为展示ceRNA*_miRNA_uniq和overlap_miRNA
	4.如果有共表达分析，最终的ceRNA结果文件为整合共表达后的结果
	5.关键基因网络分析改为每个差异组合分别去做
	6.cytoscape分析Venn图优化
	7.修复cytoscape三种RNA关系部分时候生成结果为空的问题
	8.差异基因数目太少热图做不出bug
	9.差异不能用Pvalue筛选问题
	10.EBSeq分析up/down标记相反问题
	11.差异富集分析差异基因在GO/KEGG中均没有注释结果导致程序中断问题
	12.修改结题报告富集分析显示bug
	13.结果目录和结题报告显示做相应修改(主要是联合分析部分)
	14.加Symbol方式改变，配置文件中增加Symbol参数，为必填项，否则程序出错
	15.GSEA作图文件个数:满足筛选条件的基因=0，选前五个作图；5>=基因>0,按实际作图；基因>5,选前五个作图(可选择,便于结题报告显示，还是默认做5个)
	16.提取新基因注释相关结果变成隐藏文件-2018.12.03
	17.find_circ控制流程qsubCheck优化，当由于集群出现未投qsub时，主程序不继续进行
	18.sRNA流程没有差异组合提取结果和报告正常-2018.12.23
	19.线下报告可推云交付,去掉BMK_Result目录-2018.12.24
	20.enrich.r作图通路名超过50个字符的，之后用...表示，对应结果文件中可正常查看-2018.12.29
	21.结题报告描述修改:lncRNA N碱基比例10%;链特异性评估结果路径链接合并到文库质量评估处-2019.01.07
	22.ceRNA主脚本和共表达合并脚本用show_log函数增加运行时间log,防止出现问题-2019.01.07
	23.结果文件Readme修改差异分析描述不恰当处，已知circRNA不恰当处，其他处-2019.01.07
	24.修改convert_symbol_other.pl，PPI中detail.xls文件表头与实际列不匹配问题-2019.01.07
	25:修改使用edgeR分析无生物学重复差异分析软件与参考文献链接不匹配的问题，非编码差异部分描述问题，结果文件链接不匹配问题-2019.01.07
	26:lncRNA预测中，已知lncRNA过滤修复，lncRNA_final.gtf文件bug修复，class_code修复,class_code增加每个lncRNA对应四种类型文件-2019.01.10
	27:miRNA长度分布图增加样本名称-2019.01.22
	28:优化已知circRNA程序及结果文件增加new.list-2019.02.18
	29:修复顺式靶基因脚本bug-2019.02.19
	30:结题报告附录增加英文材料附件-2019.02.19
	31:相关性系数图更改成聚类形式-2019.02.20
	32:cirRNA建库方式为去线性建库时,结题报告显示正确的建库方式描述和图片,修改相应英文材料描述;修改Needed_Data目录下缺少config文件bug-2019.02.21
	
	|--v1.0.5       修订版5
	1.stingtie添加链特异性参数-2019.02.25
	2.添加已知circRNA注释-2019.02.25
	3.转录因子相关的分析：TFBS预测针对所有差异基因进行分析，提供每个基因的TFBS位点信息和TFBS序列特征图;(在detail.cfg文件中注意填写spe_id)
				spe_id : (human: 9606; mouse: 10090; rat: 10116)
			      TF活性分析同样针对所有差异基因进行分析，给出TFs在所有样本中的活性分析表和相应的聚类热图展示，同时给出基因和转录因子的关系表以及TFs的共调控网络及其网络图;
detail.cfg文件中增加：TFDB参数     (/share/nas1/lijj/develop/TF_activity/animalTFDB3.0/路径下获取其他物种相关文件)
				-2019.02.28
	4.添加差异可变剪切分析（参照有参转录组，增加ReadLength参数，注意填写Lib_type，Readtype这两个参数）-2019.02.25
	5.根据产品需求，加入了gene的Kmeans分析-2019.02.25
	6.更新转录因子注释的数据库，改为AnimalTFDB 3.0－2019.02.25
	7.增加QC_Report，主程序增加exosome参数控制是否为外泌体样本，data.cfg中增加AllSample_stat参数控制质控报告中输出Rawdata信息 - 2019.04.01
